mode: count
github.com/sohamkamani/detective/endpoint.go:21.37,27.16 6 8
github.com/sohamkamani/detective/endpoint.go:30.2,30.37 1 7
github.com/sohamkamani/detective/endpoint.go:33.2,33.21 1 6
github.com/sohamkamani/detective/endpoint.go:36.2,38.65 3 5
github.com/sohamkamani/detective/endpoint.go:41.2,41.23 1 4
github.com/sohamkamani/detective/endpoint.go:27.16,29.3 1 1
github.com/sohamkamani/detective/endpoint.go:30.37,32.3 1 1
github.com/sohamkamani/detective/endpoint.go:33.21,35.3 1 1
github.com/sohamkamani/detective/endpoint.go:38.65,40.3 1 1
github.com/sohamkamani/detective/state.go:17.43,18.16 1 5
github.com/sohamkamani/detective/state.go:21.2,24.11 4 5
github.com/sohamkamani/detective/state.go:18.16,20.3 1 0
github.com/sohamkamani/detective/state.go:27.31,32.2 4 9
github.com/sohamkamani/detective/state.go:34.61,37.29 3 4
github.com/sohamkamani/detective/state.go:40.2,40.28 1 3
github.com/sohamkamani/detective/state.go:37.29,39.3 1 1
github.com/sohamkamani/detective/state.go:43.36,44.24 1 4
github.com/sohamkamani/detective/state.go:49.2,49.13 1 3
github.com/sohamkamani/detective/state.go:44.24,45.20 1 8
github.com/sohamkamani/detective/state.go:45.20,47.4 1 1
github.com/sohamkamani/detective/dependency.go:17.38,18.22 1 1
github.com/sohamkamani/detective/dependency.go:18.22,20.3 1 0
github.com/sohamkamani/detective/dependency.go:23.45,28.2 1 1
github.com/sohamkamani/detective/dependency.go:31.46,33.2 1 1
github.com/sohamkamani/detective/dependency.go:35.36,37.2 1 0
github.com/sohamkamani/detective/dependency.go:39.39,44.16 5 2
github.com/sohamkamani/detective/dependency.go:47.2,47.19 1 2
github.com/sohamkamani/detective/dependency.go:44.16,46.3 1 0
github.com/sohamkamani/detective/detective.go:20.34,25.2 1 1
github.com/sohamkamani/detective/detective.go:28.55,31.2 2 1
github.com/sohamkamani/detective/detective.go:34.57,38.2 3 1
github.com/sohamkamani/detective/detective.go:41.48,43.16 2 1
github.com/sohamkamani/detective/detective.go:46.2,47.12 2 1
github.com/sohamkamani/detective/detective.go:43.16,45.3 1 0
github.com/sohamkamani/detective/detective.go:51.52,57.2 2 1
github.com/sohamkamani/detective/detective.go:59.38,64.37 5 2
github.com/sohamkamani/detective/detective.go:71.2,71.32 1 2
github.com/sohamkamani/detective/detective.go:78.2,80.38 3 2
github.com/sohamkamani/detective/detective.go:64.37,65.13 1 2
github.com/sohamkamani/detective/detective.go:65.13,69.4 3 2
github.com/sohamkamani/detective/detective.go:71.32,72.13 1 2
github.com/sohamkamani/detective/detective.go:72.13,76.4 3 2
github.com/sohamkamani/detective/detective.go:84.71,87.16 3 1
github.com/sohamkamani/detective/detective.go:91.2,92.8 2 1
github.com/sohamkamani/detective/detective.go:87.16,90.3 2 0
